<?xml version="1.0" encoding="UTF-8"?>
<testsuite xmlns:xsi="http://www.w3.org/2001/XMLSchema-instance" xsi:noNamespaceSchemaLocation="https://maven.apache.org/surefire/maven-surefire-plugin/xsd/surefire-test-report.xsd" name="eu.fincon.biproadapter.provider.norm426.customertemplate.application.TemplateApplicationTest" time="2.454" tests="1" errors="0" skipped="0" failures="0">
  <properties>
    <property name="java.specification.version" value="15"/>
    <property name="sun.jnu.encoding" value="UTF-8"/>
    <property name="java.class.path" value="/Users/priyankagoel/Documents/PriyankaGoel/GitRepoWorkspace/GitRepoBiproAdapter/target/test-classes:/Users/priyankagoel/Documents/PriyankaGoel/GitRepoWorkspace/GitRepoBiproAdapter/target/classes:/Users/priyankagoel/.m2/repository/eu/fincon/biproadapter/provider/norm426-standard-adapter/3.4.3.1-SNAPSHOT/norm426-standard-adapter-3.4.3.1-SNAPSHOT.jar:/Users/priyankagoel/.m2/repository/eu/fincon/biproadapter/provider/norm420-standard-adapter/3.4.3.1-SNAPSHOT/norm420-standard-adapter-3.4.3.1-SNAPSHOT.jar:/Users/priyankagoel/.m2/repository/eu/fincon/biproadapter/provider/generic-standard-adapter/3.4.3.1-SNAPSHOT/generic-standard-adapter-3.4.3.1-SNAPSHOT.jar:/Users/priyankagoel/.m2/repository/eu/fincon/biproadapter/provider/generic-api/3.4.3.1-SNAPSHOT/generic-api-3.4.3.1-SNAPSHOT.jar:/Users/priyankagoel/.m2/repository/eu/fincon/benutzerverwaltung/bv-rest-client-openapi-feign/3.2.4/bv-rest-client-openapi-feign-3.2.4.jar:/Users/priyankagoel/.m2/repository/io/swagger/swagger-annotations/1.5.22/swagger-annotations-1.5.22.jar:/Users/priyankagoel/.m2/repository/org/springframework/cloud/spring-cloud-starter-openfeign/3.0.0/spring-cloud-starter-openfeign-3.0.0.jar:/Users/priyankagoel/.m2/repository/org/springframework/cloud/spring-cloud-openfeign-core/3.0.0/spring-cloud-openfeign-core-3.0.0.jar:/Users/priyankagoel/.m2/repository/io/github/openfeign/form/feign-form-spring/3.8.0/feign-form-spring-3.8.0.jar:/Users/priyankagoel/.m2/repository/io/github/openfeign/form/feign-form/3.8.0/feign-form-3.8.0.jar:/Users/priyankagoel/.m2/repository/commons-fileupload/commons-fileupload/1.4/commons-fileupload-1.4.jar:/Users/priyankagoel/.m2/repository/org/springframework/cloud/spring-cloud-commons/3.0.0/spring-cloud-commons-3.0.0.jar:/Users/priyankagoel/.m2/repository/org/springframework/security/spring-security-crypto/5.3.3.RELEASE/spring-security-crypto-5.3.3.RELEASE.jar:/Users/priyankagoel/.m2/repository/io/github/openfeign/feign-slf4j/10.10.1/feign-slf4j-10.10.1.jar:/Users/priyankagoel/.m2/repository/org/apache/oltu/oauth2/org.apache.oltu.oauth2.client/1.0.2/org.apache.oltu.oauth2.client-1.0.2.jar:/Users/priyankagoel/.m2/repository/org/apache/oltu/oauth2/org.apache.oltu.oauth2.common/1.0.2/org.apache.oltu.oauth2.common-1.0.2.jar:/Users/priyankagoel/.m2/repository/io/github/openfeign/feign-jackson/10.2.3/feign-jackson-10.2.3.jar:/Users/priyankagoel/.m2/repository/io/github/openfeign/feign-core/10.10.1/feign-core-10.10.1.jar:/Users/priyankagoel/.m2/repository/org/springframework/boot/spring-boot-starter-validation/2.4.2/spring-boot-starter-validation-2.4.2.jar:/Users/priyankagoel/.m2/repository/org/hibernate/validator/hibernate-validator/6.1.7.Final/hibernate-validator-6.1.7.Final.jar:/Users/priyankagoel/.m2/repository/jakarta/validation/jakarta.validation-api/2.0.2/jakarta.validation-api-2.0.2.jar:/Users/priyankagoel/.m2/repository/org/jboss/logging/jboss-logging/3.4.1.Final/jboss-logging-3.4.1.Final.jar:/Users/priyankagoel/.m2/repository/com/fasterxml/classmate/1.5.1/classmate-1.5.1.jar:/Users/priyankagoel/.m2/repository/com/fasterxml/jackson/core/jackson-databind/2.12.1/jackson-databind-2.12.1.jar:/Users/priyankagoel/.m2/repository/com/fasterxml/jackson/core/jackson-core/2.12.1/jackson-core-2.12.1.jar:/Users/priyankagoel/.m2/repository/com/fasterxml/jackson/core/jackson-annotations/2.12.1/jackson-annotations-2.12.1.jar:/Users/priyankagoel/.m2/repository/org/springframework/cloud/spring-cloud-starter-sleuth/3.0.0/spring-cloud-starter-sleuth-3.0.0.jar:/Users/priyankagoel/.m2/repository/org/springframework/cloud/spring-cloud-starter/3.0.0/spring-cloud-starter-3.0.0.jar:/Users/priyankagoel/.m2/repository/org/springframework/cloud/spring-cloud-context/3.0.0/spring-cloud-context-3.0.0.jar:/Users/priyankagoel/.m2/repository/org/springframework/security/spring-security-rsa/1.0.9.RELEASE/spring-security-rsa-1.0.9.RELEASE.jar:/Users/priyankagoel/.m2/repository/org/bouncycastle/bcpkix-jdk15on/1.64/bcpkix-jdk15on-1.64.jar:/Users/priyankagoel/.m2/repository/org/springframework/cloud/spring-cloud-sleuth-autoconfigure/3.0.0/spring-cloud-sleuth-autoconfigure-3.0.0.jar:/Users/priyankagoel/.m2/repository/org/springframework/cloud/spring-cloud-sleuth-instrumentation/3.0.0/spring-cloud-sleuth-instrumentation-3.0.0.jar:/Users/priyankagoel/.m2/repository/org/springframework/cloud/spring-cloud-sleuth-api/3.0.0/spring-cloud-sleuth-api-3.0.0.jar:/Users/priyankagoel/.m2/repository/org/aspectj/aspectjrt/1.9.6/aspectjrt-1.9.6.jar:/Users/priyankagoel/.m2/repository/org/springframework/cloud/spring-cloud-sleuth-brave/3.0.0/spring-cloud-sleuth-brave-3.0.0.jar:/Users/priyankagoel/.m2/repository/io/zipkin/brave/brave/5.13.2/brave-5.13.2.jar:/Users/priyankagoel/.m2/repository/io/zipkin/brave/brave-context-slf4j/5.13.2/brave-context-slf4j-5.13.2.jar:/Users/priyankagoel/.m2/repository/io/zipkin/brave/brave-instrumentation-messaging/5.13.2/brave-instrumentation-messaging-5.13.2.jar:/Users/priyankagoel/.m2/repository/io/zipkin/brave/brave-instrumentation-rpc/5.13.2/brave-instrumentation-rpc-5.13.2.jar:/Users/priyankagoel/.m2/repository/io/zipkin/brave/brave-instrumentation-spring-rabbit/5.13.2/brave-instrumentation-spring-rabbit-5.13.2.jar:/Users/priyankagoel/.m2/repository/io/zipkin/brave/brave-instrumentation-kafka-clients/5.13.2/brave-instrumentation-kafka-clients-5.13.2.jar:/Users/priyankagoel/.m2/repository/io/zipkin/brave/brave-instrumentation-kafka-streams/5.13.2/brave-instrumentation-kafka-streams-5.13.2.jar:/Users/priyankagoel/.m2/repository/io/zipkin/brave/brave-instrumentation-httpclient/5.13.2/brave-instrumentation-httpclient-5.13.2.jar:/Users/priyankagoel/.m2/repository/io/zipkin/brave/brave-instrumentation-http/5.13.2/brave-instrumentation-http-5.13.2.jar:/Users/priyankagoel/.m2/repository/io/zipkin/brave/brave-instrumentation-httpasyncclient/5.13.2/brave-instrumentation-httpasyncclient-5.13.2.jar:/Users/priyankagoel/.m2/repository/io/zipkin/brave/brave-instrumentation-jms/5.13.2/brave-instrumentation-jms-5.13.2.jar:/Users/priyankagoel/.m2/repository/io/zipkin/brave/brave-instrumentation-mongodb/5.13.2/brave-instrumentation-mongodb-5.13.2.jar:/Users/priyankagoel/.m2/repository/io/zipkin/aws/brave-propagation-aws/0.21.3/brave-propagation-aws-0.21.3.jar:/Users/priyankagoel/.m2/repository/io/zipkin/reporter2/zipkin-reporter-metrics-micrometer/2.16.1/zipkin-reporter-metrics-micrometer-2.16.1.jar:/Users/priyankagoel/.m2/repository/io/zipkin/reporter2/zipkin-reporter/2.16.1/zipkin-reporter-2.16.1.jar:/Users/priyankagoel/.m2/repository/io/zipkin/zipkin2/zipkin/2.23.0/zipkin-2.23.0.jar:/Users/priyankagoel/.m2/repository/org/apache/cxf/cxf-rt-features-logging/3.3.6/cxf-rt-features-logging-3.3.6.jar:/Users/priyankagoel/.m2/repository/commons-io/commons-io/2.6/commons-io-2.6.jar:/Users/priyankagoel/.m2/repository/net/logstash/logback/logstash-logback-encoder/5.2/logstash-logback-encoder-5.2.jar:/Users/priyankagoel/.m2/repository/org/springframework/security/spring-security-config/5.3.3.RELEASE/spring-security-config-5.3.3.RELEASE.jar:/Users/priyankagoel/.m2/repository/org/springframework/security/spring-security-core/5.3.3.RELEASE/spring-security-core-5.3.3.RELEASE.jar:/Users/priyankagoel/.m2/repository/org/springframework/security/spring-security-web/5.3.3.RELEASE/spring-security-web-5.3.3.RELEASE.jar:/Users/priyankagoel/.m2/repository/com/nimbusds/nimbus-jose-jwt/8.2.1/nimbus-jose-jwt-8.2.1.jar:/Users/priyankagoel/.m2/repository/com/github/stephenc/jcip/jcip-annotations/1.0-1/jcip-annotations-1.0-1.jar:/Users/priyankagoel/.m2/repository/com/fasterxml/jackson/datatype/jackson-datatype-jsr310/2.12.1/jackson-datatype-jsr310-2.12.1.jar:/Users/priyankagoel/.m2/repository/com/fasterxml/jackson/datatype/jackson-datatype-jdk8/2.12.1/jackson-datatype-jdk8-2.12.1.jar:/Users/priyankagoel/.m2/repository/net/sf/saxon/Saxon-HE/9.9.1-6/Saxon-HE-9.9.1-6.jar:/Users/priyankagoel/.m2/repository/eu/fincon/biproadapter/provider/norm420-api/3.4.3.1-SNAPSHOT/norm420-api-3.4.3.1-SNAPSHOT.jar:/Users/priyankagoel/.m2/repository/eu/fincon/biproadapter/provider/norm426-mapping-api/3.4.3.1-SNAPSHOT/norm426-mapping-api-3.4.3.1-SNAPSHOT.jar:/Users/priyankagoel/.m2/repository/org/springframework/boot/spring-boot-starter-web/2.4.2/spring-boot-starter-web-2.4.2.jar:/Users/priyankagoel/.m2/repository/org/springframework/boot/spring-boot-starter-json/2.4.2/spring-boot-starter-json-2.4.2.jar:/Users/priyankagoel/.m2/repository/com/fasterxml/jackson/module/jackson-module-parameter-names/2.11.4/jackson-module-parameter-names-2.11.4.jar:/Users/priyankagoel/.m2/repository/org/springframework/boot/spring-boot-starter-tomcat/2.4.2/spring-boot-starter-tomcat-2.4.2.jar:/Users/priyankagoel/.m2/repository/org/apache/tomcat/embed/tomcat-embed-core/9.0.41/tomcat-embed-core-9.0.41.jar:/Users/priyankagoel/.m2/repository/org/glassfish/jakarta.el/3.0.3/jakarta.el-3.0.3.jar:/Users/priyankagoel/.m2/repository/org/apache/tomcat/embed/tomcat-embed-websocket/9.0.41/tomcat-embed-websocket-9.0.41.jar:/Users/priyankagoel/.m2/repository/org/springframework/spring-web/5.3.3/spring-web-5.3.3.jar:/Users/priyankagoel/.m2/repository/org/springframework/spring-webmvc/5.3.3/spring-webmvc-5.3.3.jar:/Users/priyankagoel/.m2/repository/org/springframework/boot/spring-boot-starter-web-services/2.4.2/spring-boot-starter-web-services-2.4.2.jar:/Users/priyankagoel/.m2/repository/com/sun/xml/messaging/saaj/saaj-impl/1.5.2/saaj-impl-1.5.2.jar:/Users/priyankagoel/.m2/repository/jakarta/xml/soap/jakarta.xml.soap-api/1.4.2/jakarta.xml.soap-api-1.4.2.jar:/Users/priyankagoel/.m2/repository/org/jvnet/staxex/stax-ex/1.8.3/stax-ex-1.8.3.jar:/Users/priyankagoel/.m2/repository/com/sun/activation/jakarta.activation/1.2.2/jakarta.activation-1.2.2.jar:/Users/priyankagoel/.m2/repository/jakarta/xml/ws/jakarta.xml.ws-api/2.3.3/jakarta.xml.ws-api-2.3.3.jar:/Users/priyankagoel/.m2/repository/org/springframework/spring-oxm/5.3.3/spring-oxm-5.3.3.jar:/Users/priyankagoel/.m2/repository/org/springframework/ws/spring-ws-core/3.0.10.RELEASE/spring-ws-core-3.0.10.RELEASE.jar:/Users/priyankagoel/.m2/repository/org/springframework/ws/spring-xml/3.0.10.RELEASE/spring-xml-3.0.10.RELEASE.jar:/Users/priyankagoel/.m2/repository/org/springframework/boot/spring-boot-starter-aop/2.4.2/spring-boot-starter-aop-2.4.2.jar:/Users/priyankagoel/.m2/repository/org/springframework/spring-aop/5.3.3/spring-aop-5.3.3.jar:/Users/priyankagoel/.m2/repository/org/aspectj/aspectjweaver/1.9.6/aspectjweaver-1.9.6.jar:/Users/priyankagoel/.m2/repository/org/springframework/boot/spring-boot-starter-actuator/2.4.2/spring-boot-starter-actuator-2.4.2.jar:/Users/priyankagoel/.m2/repository/org/springframework/boot/spring-boot-actuator-autoconfigure/2.4.2/spring-boot-actuator-autoconfigure-2.4.2.jar:/Users/priyankagoel/.m2/repository/org/springframework/boot/spring-boot-actuator/2.4.2/spring-boot-actuator-2.4.2.jar:/Users/priyankagoel/.m2/repository/io/micrometer/micrometer-core/1.6.3/micrometer-core-1.6.3.jar:/Users/priyankagoel/.m2/repository/org/hdrhistogram/HdrHistogram/2.1.12/HdrHistogram-2.1.12.jar:/Users/priyankagoel/.m2/repository/org/latencyutils/LatencyUtils/2.0.3/LatencyUtils-2.0.3.jar:/Users/priyankagoel/.m2/repository/org/apache/commons/commons-lang3/3.8.1/commons-lang3-3.8.1.jar:/Users/priyankagoel/.m2/repository/com/sun/activation/javax.activation/1.2.0/javax.activation-1.2.0.jar:/Users/priyankagoel/.m2/repository/org/apache/cxf/cxf-rt-frontend-jaxws/3.3.6/cxf-rt-frontend-jaxws-3.3.6.jar:/Users/priyankagoel/.m2/repository/xml-resolver/xml-resolver/1.2/xml-resolver-1.2.jar:/Users/priyankagoel/.m2/repository/org/ow2/asm/asm/7.1/asm-7.1.jar:/Users/priyankagoel/.m2/repository/org/apache/cxf/cxf-core/3.3.6/cxf-core-3.3.6.jar:/Users/priyankagoel/.m2/repository/org/glassfish/jaxb/jaxb-runtime/2.3.3/jaxb-runtime-2.3.3.jar:/Users/priyankagoel/.m2/repository/org/glassfish/jaxb/txw2/2.3.3/txw2-2.3.3.jar:/Users/priyankagoel/.m2/repository/com/sun/istack/istack-commons-runtime/3.0.11/istack-commons-runtime-3.0.11.jar:/Users/priyankagoel/.m2/repository/com/fasterxml/woodstox/woodstox-core/5.0.3/woodstox-core-5.0.3.jar:/Users/priyankagoel/.m2/repository/org/codehaus/woodstox/stax2-api/3.1.4/stax2-api-3.1.4.jar:/Users/priyankagoel/.m2/repository/org/apache/ws/xmlschema/xmlschema-core/2.2.5/xmlschema-core-2.2.5.jar:/Users/priyankagoel/.m2/repository/org/apache/cxf/cxf-rt-bindings-soap/3.3.6/cxf-rt-bindings-soap-3.3.6.jar:/Users/priyankagoel/.m2/repository/org/apache/cxf/cxf-rt-wsdl/3.3.6/cxf-rt-wsdl-3.3.6.jar:/Users/priyankagoel/.m2/repository/wsdl4j/wsdl4j/1.6.3/wsdl4j-1.6.3.jar:/Users/priyankagoel/.m2/repository/org/apache/cxf/cxf-rt-databinding-jaxb/3.3.6/cxf-rt-databinding-jaxb-3.3.6.jar:/Users/priyankagoel/.m2/repository/org/apache/cxf/cxf-rt-bindings-xml/3.3.6/cxf-rt-bindings-xml-3.3.6.jar:/Users/priyankagoel/.m2/repository/org/apache/cxf/cxf-rt-frontend-simple/3.3.6/cxf-rt-frontend-simple-3.3.6.jar:/Users/priyankagoel/.m2/repository/org/apache/cxf/cxf-rt-ws-addr/3.3.6/cxf-rt-ws-addr-3.3.6.jar:/Users/priyankagoel/.m2/repository/org/apache/cxf/cxf-rt-ws-policy/3.3.6/cxf-rt-ws-policy-3.3.6.jar:/Users/priyankagoel/.m2/repository/javax/annotation/javax.annotation-api/1.3.2/javax.annotation-api-1.3.2.jar:/Users/priyankagoel/.m2/repository/org/apache/geronimo/specs/geronimo-ws-metadata_2.0_spec/1.1.3/geronimo-ws-metadata_2.0_spec-1.1.3.jar:/Users/priyankagoel/.m2/repository/org/jacorb/jacorb-omgapi/3.9/jacorb-omgapi-3.9.jar:/Users/priyankagoel/.m2/repository/org/apache/geronimo/specs/geronimo-jta_1.1_spec/1.1.1/geronimo-jta_1.1_spec-1.1.1.jar:/Users/priyankagoel/.m2/repository/org/jboss/spec/javax/rmi/jboss-rmi-api_1.0_spec/1.0.6.Final/jboss-rmi-api_1.0_spec-1.0.6.Final.jar:/Users/priyankagoel/.m2/repository/org/apache/cxf/cxf-rt-transports-http/3.3.6/cxf-rt-transports-http-3.3.6.jar:/Users/priyankagoel/.m2/repository/org/apache/cxf/cxf-rt-ws-security/3.3.6/cxf-rt-ws-security-3.3.6.jar:/Users/priyankagoel/.m2/repository/org/apache/cxf/cxf-rt-security-saml/3.3.6/cxf-rt-security-saml-3.3.6.jar:/Users/priyankagoel/.m2/repository/org/apache/cxf/cxf-rt-security/3.3.6/cxf-rt-security-3.3.6.jar:/Users/priyankagoel/.m2/repository/net/sf/ehcache/ehcache/2.10.6/ehcache-2.10.6.jar:/Users/priyankagoel/.m2/repository/org/apache/wss4j/wss4j-ws-security-dom/2.2.5/wss4j-ws-security-dom-2.2.5.jar:/Users/priyankagoel/.m2/repository/org/apache/wss4j/wss4j-ws-security-common/2.2.5/wss4j-ws-security-common-2.2.5.jar:/Users/priyankagoel/.m2/repository/org/apache/santuario/xmlsec/2.1.4/xmlsec-2.1.4.jar:/Users/priyankagoel/.m2/repository/org/opensaml/opensaml-saml-impl/3.3.1/opensaml-saml-impl-3.3.1.jar:/Users/priyankagoel/.m2/repository/org/opensaml/opensaml-profile-api/3.3.1/opensaml-profile-api-3.3.1.jar:/Users/priyankagoel/.m2/repository/org/opensaml/opensaml-core/3.3.1/opensaml-core-3.3.1.jar:/Users/priyankagoel/.m2/repository/io/dropwizard/metrics/metrics-core/4.1.17/metrics-core-4.1.17.jar:/Users/priyankagoel/.m2/repository/org/opensaml/opensaml-saml-api/3.3.1/opensaml-saml-api-3.3.1.jar:/Users/priyankagoel/.m2/repository/org/opensaml/opensaml-xmlsec-api/3.3.1/opensaml-xmlsec-api-3.3.1.jar:/Users/priyankagoel/.m2/repository/org/opensaml/opensaml-soap-api/3.3.1/opensaml-soap-api-3.3.1.jar:/Users/priyankagoel/.m2/repository/org/opensaml/opensaml-security-impl/3.3.1/opensaml-security-impl-3.3.1.jar:/Users/priyankagoel/.m2/repository/org/opensaml/opensaml-security-api/3.3.1/opensaml-security-api-3.3.1.jar:/Users/priyankagoel/.m2/repository/org/opensaml/opensaml-xmlsec-impl/3.3.1/opensaml-xmlsec-impl-3.3.1.jar:/Users/priyankagoel/.m2/repository/net/shibboleth/utilities/java-support/7.3.0/java-support-7.3.0.jar:/Users/priyankagoel/.m2/repository/com/google/guava/guava/27.1-jre/guava-27.1-jre.jar:/Users/priyankagoel/.m2/repository/com/google/guava/failureaccess/1.0.1/failureaccess-1.0.1.jar:/Users/priyankagoel/.m2/repository/com/google/guava/listenablefuture/9999.0-empty-to-avoid-conflict-with-guava/listenablefuture-9999.0-empty-to-avoid-conflict-with-guava.jar:/Users/priyankagoel/.m2/repository/org/checkerframework/checker-qual/2.5.2/checker-qual-2.5.2.jar:/Users/priyankagoel/.m2/repository/com/google/errorprone/error_prone_annotations/2.2.0/error_prone_annotations-2.2.0.jar:/Users/priyankagoel/.m2/repository/com/google/j2objc/j2objc-annotations/1.1/j2objc-annotations-1.1.jar:/Users/priyankagoel/.m2/repository/org/codehaus/mojo/animal-sniffer-annotations/1.17/animal-sniffer-annotations-1.17.jar:/Users/priyankagoel/.m2/repository/joda-time/joda-time/2.9/joda-time-2.9.jar:/Users/priyankagoel/.m2/repository/org/cryptacular/cryptacular/1.2.4/cryptacular-1.2.4.jar:/Users/priyankagoel/.m2/repository/org/bouncycastle/bcprov-jdk15on/1.61/bcprov-jdk15on-1.61.jar:/Users/priyankagoel/.m2/repository/org/opensaml/opensaml-xacml-impl/3.3.1/opensaml-xacml-impl-3.3.1.jar:/Users/priyankagoel/.m2/repository/org/opensaml/opensaml-xacml-api/3.3.1/opensaml-xacml-api-3.3.1.jar:/Users/priyankagoel/.m2/repository/org/opensaml/opensaml-xacml-saml-impl/3.3.1/opensaml-xacml-saml-impl-3.3.1.jar:/Users/priyankagoel/.m2/repository/org/opensaml/opensaml-xacml-saml-api/3.3.1/opensaml-xacml-saml-api-3.3.1.jar:/Users/priyankagoel/.m2/repository/org/jasypt/jasypt/1.9.3/jasypt-1.9.3.jar:/Users/priyankagoel/.m2/repository/org/apache/geronimo/javamail/geronimo-javamail_1.4_mail/1.8.4/geronimo-javamail_1.4_mail-1.8.4.jar:/Users/priyankagoel/.m2/repository/org/apache/wss4j/wss4j-policy/2.2.5/wss4j-policy-2.2.5.jar:/Users/priyankagoel/.m2/repository/org/apache/neethi/neethi/3.1.1/neethi-3.1.1.jar:/Users/priyankagoel/.m2/repository/org/codehaus/woodstox/woodstox-core-asl/4.4.1/woodstox-core-asl-4.4.1.jar:/Users/priyankagoel/.m2/repository/javax/xml/stream/stax-api/1.0-2/stax-api-1.0-2.jar:/Users/priyankagoel/.m2/repository/org/apache/wss4j/wss4j-ws-security-stax/2.2.5/wss4j-ws-security-stax-2.2.5.jar:/Users/priyankagoel/.m2/repository/org/apache/wss4j/wss4j-bindings/2.2.5/wss4j-bindings-2.2.5.jar:/Users/priyankagoel/.m2/repository/org/apache/wss4j/wss4j-ws-security-policy-stax/2.2.5/wss4j-ws-security-policy-stax-2.2.5.jar:/Users/priyankagoel/.m2/repository/org/apache/cxf/cxf-spring-boot-starter-jaxws/3.3.6/cxf-spring-boot-starter-jaxws-3.3.6.jar:/Users/priyankagoel/.m2/repository/org/apache/cxf/cxf-spring-boot-autoconfigure/3.3.6/cxf-spring-boot-autoconfigure-3.3.6.jar:/Users/priyankagoel/.m2/repository/javax/validation/validation-api/2.0.1.Final/validation-api-2.0.1.Final.jar:/Users/priyankagoel/.m2/repository/javax/xml/ws/jaxws-api/2.3.1/jaxws-api-2.3.1.jar:/Users/priyankagoel/.m2/repository/javax/xml/bind/jaxb-api/2.3.1/jaxb-api-2.3.1.jar:/Users/priyankagoel/.m2/repository/javax/activation/javax.activation-api/1.2.0/javax.activation-api-1.2.0.jar:/Users/priyankagoel/.m2/repository/javax/xml/soap/javax.xml.soap-api/1.4.0/javax.xml.soap-api-1.4.0.jar:/Users/priyankagoel/.m2/repository/jakarta/jws/jakarta.jws-api/1.1.1/jakarta.jws-api-1.1.1.jar:/Users/priyankagoel/.m2/repository/org/apache/commons/commons-collections4/4.1/commons-collections4-4.1.jar:/Users/priyankagoel/.m2/repository/eu/fincon/biproadapter/provider/norm426-mapping-template/3.4.3.1-SNAPSHOT/norm426-mapping-template-3.4.3.1-SNAPSHOT.jar:/Users/priyankagoel/.m2/repository/org/springframework/spring-context/5.3.3/spring-context-5.3.3.jar:/Users/priyankagoel/.m2/repository/org/springframework/spring-beans/5.3.3/spring-beans-5.3.3.jar:/Users/priyankagoel/.m2/repository/org/springframework/spring-expression/5.3.3/spring-expression-5.3.3.jar:/Users/priyankagoel/.m2/repository/org/json/json/20140107/json-20140107.jar:/Users/priyankagoel/.m2/repository/eu/fincon/biproadapter/provider/norm426-jaxb-270-template/3.4.3.1-SNAPSHOT/norm426-jaxb-270-template-3.4.3.1-SNAPSHOT.jar:/Users/priyankagoel/.m2/repository/org/apache/cxf/xjc-utils/cxf-xjc-runtime/3.3.0/cxf-xjc-runtime-3.3.0.jar:/Users/priyankagoel/.m2/repository/javax/activation/activation/1.1.1/activation-1.1.1.jar:/Users/priyankagoel/.m2/repository/org/jvnet/jaxb2_commons/jaxb2-basics/1.11.1/jaxb2-basics-1.11.1.jar:/Users/priyankagoel/.m2/repository/org/jvnet/jaxb2_commons/jaxb2-basics-runtime/1.11.1/jaxb2-basics-runtime-1.11.1.jar:/Users/priyankagoel/.m2/repository/org/jvnet/jaxb2_commons/jaxb2-basics-tools/1.11.1/jaxb2-basics-tools-1.11.1.jar:/Users/priyankagoel/.m2/repository/commons-beanutils/commons-beanutils/1.9.4/commons-beanutils-1.9.4.jar:/Users/priyankagoel/.m2/repository/commons-collections/commons-collections/3.2.2/commons-collections-3.2.2.jar:/Users/priyankagoel/.m2/repository/org/slf4j/jcl-over-slf4j/1.7.30/jcl-over-slf4j-1.7.30.jar:/Users/priyankagoel/.m2/repository/com/google/code/javaparser/javaparser/1.0.11/javaparser-1.0.11.jar:/Users/priyankagoel/.m2/repository/junit/junit/4.13.1/junit-4.13.1.jar:/Users/priyankagoel/.m2/repository/org/hamcrest/hamcrest-core/2.2/hamcrest-core-2.2.jar:/Users/priyankagoel/.m2/repository/org/springframework/boot/spring-boot-starter-test/2.4.2/spring-boot-starter-test-2.4.2.jar:/Users/priyankagoel/.m2/repository/org/springframework/boot/spring-boot-starter/2.4.2/spring-boot-starter-2.4.2.jar:/Users/priyankagoel/.m2/repository/org/springframework/boot/spring-boot/2.4.2/spring-boot-2.4.2.jar:/Users/priyankagoel/.m2/repository/org/springframework/boot/spring-boot-autoconfigure/2.4.2/spring-boot-autoconfigure-2.4.2.jar:/Users/priyankagoel/.m2/repository/org/springframework/boot/spring-boot-starter-logging/2.4.2/spring-boot-starter-logging-2.4.2.jar:/Users/priyankagoel/.m2/repository/ch/qos/logback/logback-classic/1.2.3/logback-classic-1.2.3.jar:/Users/priyankagoel/.m2/repository/ch/qos/logback/logback-core/1.2.3/logback-core-1.2.3.jar:/Users/priyankagoel/.m2/repository/org/apache/logging/log4j/log4j-to-slf4j/2.13.3/log4j-to-slf4j-2.13.3.jar:/Users/priyankagoel/.m2/repository/org/apache/logging/log4j/log4j-api/2.13.3/log4j-api-2.13.3.jar:/Users/priyankagoel/.m2/repository/org/slf4j/jul-to-slf4j/1.7.30/jul-to-slf4j-1.7.30.jar:/Users/priyankagoel/.m2/repository/jakarta/annotation/jakarta.annotation-api/1.3.5/jakarta.annotation-api-1.3.5.jar:/Users/priyankagoel/.m2/repository/org/yaml/snakeyaml/1.26/snakeyaml-1.26.jar:/Users/priyankagoel/.m2/repository/org/springframework/boot/spring-boot-test/2.4.2/spring-boot-test-2.4.2.jar:/Users/priyankagoel/.m2/repository/org/springframework/boot/spring-boot-test-autoconfigure/2.4.2/spring-boot-test-autoconfigure-2.4.2.jar:/Users/priyankagoel/.m2/repository/com/jayway/jsonpath/json-path/2.4.0/json-path-2.4.0.jar:/Users/priyankagoel/.m2/repository/net/minidev/json-smart/2.3/json-smart-2.3.jar:/Users/priyankagoel/.m2/repository/net/minidev/accessors-smart/1.2/accessors-smart-1.2.jar:/Users/priyankagoel/.m2/repository/org/slf4j/slf4j-api/1.7.26/slf4j-api-1.7.26.jar:/Users/priyankagoel/.m2/repository/jakarta/xml/bind/jakarta.xml.bind-api/2.3.3/jakarta.xml.bind-api-2.3.3.jar:/Users/priyankagoel/.m2/repository/jakarta/activation/jakarta.activation-api/1.2.2/jakarta.activation-api-1.2.2.jar:/Users/priyankagoel/.m2/repository/org/assertj/assertj-core/3.18.1/assertj-core-3.18.1.jar:/Users/priyankagoel/.m2/repository/org/hamcrest/hamcrest/2.2/hamcrest-2.2.jar:/Users/priyankagoel/.m2/repository/org/junit/jupiter/junit-jupiter/5.7.0/junit-jupiter-5.7.0.jar:/Users/priyankagoel/.m2/repository/org/mockito/mockito-core/3.6.28/mockito-core-3.6.28.jar:/Users/priyankagoel/.m2/repository/net/bytebuddy/byte-buddy/1.10.19/byte-buddy-1.10.19.jar:/Users/priyankagoel/.m2/repository/net/bytebuddy/byte-buddy-agent/1.10.19/byte-buddy-agent-1.10.19.jar:/Users/priyankagoel/.m2/repository/org/objenesis/objenesis/3.1/objenesis-3.1.jar:/Users/priyankagoel/.m2/repository/org/mockito/mockito-junit-jupiter/3.6.28/mockito-junit-jupiter-3.6.28.jar:/Users/priyankagoel/.m2/repository/org/skyscreamer/jsonassert/1.5.0/jsonassert-1.5.0.jar:/Users/priyankagoel/.m2/repository/com/vaadin/external/google/android-json/0.0.20131108.vaadin1/android-json-0.0.20131108.vaadin1.jar:/Users/priyankagoel/.m2/repository/org/springframework/spring-core/5.3.3/spring-core-5.3.3.jar:/Users/priyankagoel/.m2/repository/org/springframework/spring-jcl/5.3.3/spring-jcl-5.3.3.jar:/Users/priyankagoel/.m2/repository/org/springframework/spring-test/5.3.3/spring-test-5.3.3.jar:/Users/priyankagoel/.m2/repository/org/xmlunit/xmlunit-core/2.7.0/xmlunit-core-2.7.0.jar:/Users/priyankagoel/.m2/repository/org/junit/jupiter/junit-jupiter-engine/5.7.0/junit-jupiter-engine-5.7.0.jar:/Users/priyankagoel/.m2/repository/org/apiguardian/apiguardian-api/1.1.0/apiguardian-api-1.1.0.jar:/Users/priyankagoel/.m2/repository/org/junit/platform/junit-platform-engine/1.7.0/junit-platform-engine-1.7.0.jar:/Users/priyankagoel/.m2/repository/org/junit/jupiter/junit-jupiter-api/5.7.0/junit-jupiter-api-5.7.0.jar:/Users/priyankagoel/.m2/repository/org/opentest4j/opentest4j/1.2.0/opentest4j-1.2.0.jar:/Users/priyankagoel/.m2/repository/org/junit/platform/junit-platform-commons/1.7.0/junit-platform-commons-1.7.0.jar:/Users/priyankagoel/.m2/repository/org/junit/jupiter/junit-jupiter-params/5.7.0/junit-jupiter-params-5.7.0.jar:/Users/priyankagoel/.m2/repository/org/apache/httpcomponents/httpcore/4.4.11/httpcore-4.4.11.jar:/Users/priyankagoel/.m2/repository/org/apache/httpcomponents/fluent-hc/4.5.9/fluent-hc-4.5.9.jar:/Users/priyankagoel/.m2/repository/org/apache/httpcomponents/httpclient/4.5.13/httpclient-4.5.13.jar:/Users/priyankagoel/.m2/repository/commons-codec/commons-codec/1.15/commons-codec-1.15.jar:/Users/priyankagoel/.m2/repository/commons-logging/commons-logging/1.2/commons-logging-1.2.jar:"/>
    <property name="java.vm.vendor" value="Oracle Corporation"/>
    <property name="sun.arch.data.model" value="64"/>
    <property name="java.vendor.url" value="https://java.oracle.com/"/>
    <property name="os.name" value="Mac OS X"/>
    <property name="java.vm.specification.version" value="15"/>
    <property name="sun.java.launcher" value="SUN_STANDARD"/>
    <property name="user.country" value="IN"/>
    <property name="sun.boot.library.path" value="/Volumes/Eclipse/Eclipse.app/Contents/Eclipse/plugins/org.eclipse.justj.openjdk.hotspot.jre.full.macosx.x86_64_15.0.1.v20201027-0507/jre/lib"/>
    <property name="sun.java.command" value="/Users/priyankagoel/Documents/PriyankaGoel/GitRepoWorkspace/GitRepoBiproAdapter/target/surefire/surefirebooter2781579738713951528.jar /Users/priyankagoel/Documents/PriyankaGoel/GitRepoWorkspace/GitRepoBiproAdapter/target/surefire 2021-04-19T17-45-59_222-jvmRun1 surefire18131084673759738260tmp surefire_017737274398341724590tmp"/>
    <property name="http.nonProxyHosts" value="local|*.local|169.254/16|*.169.254/16"/>
    <property name="jdk.debug" value="release"/>
    <property name="surefire.test.class.path" value="/Users/priyankagoel/Documents/PriyankaGoel/GitRepoWorkspace/GitRepoBiproAdapter/target/test-classes:/Users/priyankagoel/Documents/PriyankaGoel/GitRepoWorkspace/GitRepoBiproAdapter/target/classes:/Users/priyankagoel/.m2/repository/eu/fincon/biproadapter/provider/norm426-standard-adapter/3.4.3.1-SNAPSHOT/norm426-standard-adapter-3.4.3.1-SNAPSHOT.jar:/Users/priyankagoel/.m2/repository/eu/fincon/biproadapter/provider/norm420-standard-adapter/3.4.3.1-SNAPSHOT/norm420-standard-adapter-3.4.3.1-SNAPSHOT.jar:/Users/priyankagoel/.m2/repository/eu/fincon/biproadapter/provider/generic-standard-adapter/3.4.3.1-SNAPSHOT/generic-standard-adapter-3.4.3.1-SNAPSHOT.jar:/Users/priyankagoel/.m2/repository/eu/fincon/biproadapter/provider/generic-api/3.4.3.1-SNAPSHOT/generic-api-3.4.3.1-SNAPSHOT.jar:/Users/priyankagoel/.m2/repository/eu/fincon/benutzerverwaltung/bv-rest-client-openapi-feign/3.2.4/bv-rest-client-openapi-feign-3.2.4.jar:/Users/priyankagoel/.m2/repository/io/swagger/swagger-annotations/1.5.22/swagger-annotations-1.5.22.jar:/Users/priyankagoel/.m2/repository/org/springframework/cloud/spring-cloud-starter-openfeign/3.0.0/spring-cloud-starter-openfeign-3.0.0.jar:/Users/priyankagoel/.m2/repository/org/springframework/cloud/spring-cloud-openfeign-core/3.0.0/spring-cloud-openfeign-core-3.0.0.jar:/Users/priyankagoel/.m2/repository/io/github/openfeign/form/feign-form-spring/3.8.0/feign-form-spring-3.8.0.jar:/Users/priyankagoel/.m2/repository/io/github/openfeign/form/feign-form/3.8.0/feign-form-3.8.0.jar:/Users/priyankagoel/.m2/repository/commons-fileupload/commons-fileupload/1.4/commons-fileupload-1.4.jar:/Users/priyankagoel/.m2/repository/org/springframework/cloud/spring-cloud-commons/3.0.0/spring-cloud-commons-3.0.0.jar:/Users/priyankagoel/.m2/repository/org/springframework/security/spring-security-crypto/5.3.3.RELEASE/spring-security-crypto-5.3.3.RELEASE.jar:/Users/priyankagoel/.m2/repository/io/github/openfeign/feign-slf4j/10.10.1/feign-slf4j-10.10.1.jar:/Users/priyankagoel/.m2/repository/org/apache/oltu/oauth2/org.apache.oltu.oauth2.client/1.0.2/org.apache.oltu.oauth2.client-1.0.2.jar:/Users/priyankagoel/.m2/repository/org/apache/oltu/oauth2/org.apache.oltu.oauth2.common/1.0.2/org.apache.oltu.oauth2.common-1.0.2.jar:/Users/priyankagoel/.m2/repository/io/github/openfeign/feign-jackson/10.2.3/feign-jackson-10.2.3.jar:/Users/priyankagoel/.m2/repository/io/github/openfeign/feign-core/10.10.1/feign-core-10.10.1.jar:/Users/priyankagoel/.m2/repository/org/springframework/boot/spring-boot-starter-validation/2.4.2/spring-boot-starter-validation-2.4.2.jar:/Users/priyankagoel/.m2/repository/org/hibernate/validator/hibernate-validator/6.1.7.Final/hibernate-validator-6.1.7.Final.jar:/Users/priyankagoel/.m2/repository/jakarta/validation/jakarta.validation-api/2.0.2/jakarta.validation-api-2.0.2.jar:/Users/priyankagoel/.m2/repository/org/jboss/logging/jboss-logging/3.4.1.Final/jboss-logging-3.4.1.Final.jar:/Users/priyankagoel/.m2/repository/com/fasterxml/classmate/1.5.1/classmate-1.5.1.jar:/Users/priyankagoel/.m2/repository/com/fasterxml/jackson/core/jackson-databind/2.12.1/jackson-databind-2.12.1.jar:/Users/priyankagoel/.m2/repository/com/fasterxml/jackson/core/jackson-core/2.12.1/jackson-core-2.12.1.jar:/Users/priyankagoel/.m2/repository/com/fasterxml/jackson/core/jackson-annotations/2.12.1/jackson-annotations-2.12.1.jar:/Users/priyankagoel/.m2/repository/org/springframework/cloud/spring-cloud-starter-sleuth/3.0.0/spring-cloud-starter-sleuth-3.0.0.jar:/Users/priyankagoel/.m2/repository/org/springframework/cloud/spring-cloud-starter/3.0.0/spring-cloud-starter-3.0.0.jar:/Users/priyankagoel/.m2/repository/org/springframework/cloud/spring-cloud-context/3.0.0/spring-cloud-context-3.0.0.jar:/Users/priyankagoel/.m2/repository/org/springframework/security/spring-security-rsa/1.0.9.RELEASE/spring-security-rsa-1.0.9.RELEASE.jar:/Users/priyankagoel/.m2/repository/org/bouncycastle/bcpkix-jdk15on/1.64/bcpkix-jdk15on-1.64.jar:/Users/priyankagoel/.m2/repository/org/springframework/cloud/spring-cloud-sleuth-autoconfigure/3.0.0/spring-cloud-sleuth-autoconfigure-3.0.0.jar:/Users/priyankagoel/.m2/repository/org/springframework/cloud/spring-cloud-sleuth-instrumentation/3.0.0/spring-cloud-sleuth-instrumentation-3.0.0.jar:/Users/priyankagoel/.m2/repository/org/springframework/cloud/spring-cloud-sleuth-api/3.0.0/spring-cloud-sleuth-api-3.0.0.jar:/Users/priyankagoel/.m2/repository/org/aspectj/aspectjrt/1.9.6/aspectjrt-1.9.6.jar:/Users/priyankagoel/.m2/repository/org/springframework/cloud/spring-cloud-sleuth-brave/3.0.0/spring-cloud-sleuth-brave-3.0.0.jar:/Users/priyankagoel/.m2/repository/io/zipkin/brave/brave/5.13.2/brave-5.13.2.jar:/Users/priyankagoel/.m2/repository/io/zipkin/brave/brave-context-slf4j/5.13.2/brave-context-slf4j-5.13.2.jar:/Users/priyankagoel/.m2/repository/io/zipkin/brave/brave-instrumentation-messaging/5.13.2/brave-instrumentation-messaging-5.13.2.jar:/Users/priyankagoel/.m2/repository/io/zipkin/brave/brave-instrumentation-rpc/5.13.2/brave-instrumentation-rpc-5.13.2.jar:/Users/priyankagoel/.m2/repository/io/zipkin/brave/brave-instrumentation-spring-rabbit/5.13.2/brave-instrumentation-spring-rabbit-5.13.2.jar:/Users/priyankagoel/.m2/repository/io/zipkin/brave/brave-instrumentation-kafka-clients/5.13.2/brave-instrumentation-kafka-clients-5.13.2.jar:/Users/priyankagoel/.m2/repository/io/zipkin/brave/brave-instrumentation-kafka-streams/5.13.2/brave-instrumentation-kafka-streams-5.13.2.jar:/Users/priyankagoel/.m2/repository/io/zipkin/brave/brave-instrumentation-httpclient/5.13.2/brave-instrumentation-httpclient-5.13.2.jar:/Users/priyankagoel/.m2/repository/io/zipkin/brave/brave-instrumentation-http/5.13.2/brave-instrumentation-http-5.13.2.jar:/Users/priyankagoel/.m2/repository/io/zipkin/brave/brave-instrumentation-httpasyncclient/5.13.2/brave-instrumentation-httpasyncclient-5.13.2.jar:/Users/priyankagoel/.m2/repository/io/zipkin/brave/brave-instrumentation-jms/5.13.2/brave-instrumentation-jms-5.13.2.jar:/Users/priyankagoel/.m2/repository/io/zipkin/brave/brave-instrumentation-mongodb/5.13.2/brave-instrumentation-mongodb-5.13.2.jar:/Users/priyankagoel/.m2/repository/io/zipkin/aws/brave-propagation-aws/0.21.3/brave-propagation-aws-0.21.3.jar:/Users/priyankagoel/.m2/repository/io/zipkin/reporter2/zipkin-reporter-metrics-micrometer/2.16.1/zipkin-reporter-metrics-micrometer-2.16.1.jar:/Users/priyankagoel/.m2/repository/io/zipkin/reporter2/zipkin-reporter/2.16.1/zipkin-reporter-2.16.1.jar:/Users/priyankagoel/.m2/repository/io/zipkin/zipkin2/zipkin/2.23.0/zipkin-2.23.0.jar:/Users/priyankagoel/.m2/repository/org/apache/cxf/cxf-rt-features-logging/3.3.6/cxf-rt-features-logging-3.3.6.jar:/Users/priyankagoel/.m2/repository/commons-io/commons-io/2.6/commons-io-2.6.jar:/Users/priyankagoel/.m2/repository/net/logstash/logback/logstash-logback-encoder/5.2/logstash-logback-encoder-5.2.jar:/Users/priyankagoel/.m2/repository/org/springframework/security/spring-security-config/5.3.3.RELEASE/spring-security-config-5.3.3.RELEASE.jar:/Users/priyankagoel/.m2/repository/org/springframework/security/spring-security-core/5.3.3.RELEASE/spring-security-core-5.3.3.RELEASE.jar:/Users/priyankagoel/.m2/repository/org/springframework/security/spring-security-web/5.3.3.RELEASE/spring-security-web-5.3.3.RELEASE.jar:/Users/priyankagoel/.m2/repository/com/nimbusds/nimbus-jose-jwt/8.2.1/nimbus-jose-jwt-8.2.1.jar:/Users/priyankagoel/.m2/repository/com/github/stephenc/jcip/jcip-annotations/1.0-1/jcip-annotations-1.0-1.jar:/Users/priyankagoel/.m2/repository/com/fasterxml/jackson/datatype/jackson-datatype-jsr310/2.12.1/jackson-datatype-jsr310-2.12.1.jar:/Users/priyankagoel/.m2/repository/com/fasterxml/jackson/datatype/jackson-datatype-jdk8/2.12.1/jackson-datatype-jdk8-2.12.1.jar:/Users/priyankagoel/.m2/repository/net/sf/saxon/Saxon-HE/9.9.1-6/Saxon-HE-9.9.1-6.jar:/Users/priyankagoel/.m2/repository/eu/fincon/biproadapter/provider/norm420-api/3.4.3.1-SNAPSHOT/norm420-api-3.4.3.1-SNAPSHOT.jar:/Users/priyankagoel/.m2/repository/eu/fincon/biproadapter/provider/norm426-mapping-api/3.4.3.1-SNAPSHOT/norm426-mapping-api-3.4.3.1-SNAPSHOT.jar:/Users/priyankagoel/.m2/repository/org/springframework/boot/spring-boot-starter-web/2.4.2/spring-boot-starter-web-2.4.2.jar:/Users/priyankagoel/.m2/repository/org/springframework/boot/spring-boot-starter-json/2.4.2/spring-boot-starter-json-2.4.2.jar:/Users/priyankagoel/.m2/repository/com/fasterxml/jackson/module/jackson-module-parameter-names/2.11.4/jackson-module-parameter-names-2.11.4.jar:/Users/priyankagoel/.m2/repository/org/springframework/boot/spring-boot-starter-tomcat/2.4.2/spring-boot-starter-tomcat-2.4.2.jar:/Users/priyankagoel/.m2/repository/org/apache/tomcat/embed/tomcat-embed-core/9.0.41/tomcat-embed-core-9.0.41.jar:/Users/priyankagoel/.m2/repository/org/glassfish/jakarta.el/3.0.3/jakarta.el-3.0.3.jar:/Users/priyankagoel/.m2/repository/org/apache/tomcat/embed/tomcat-embed-websocket/9.0.41/tomcat-embed-websocket-9.0.41.jar:/Users/priyankagoel/.m2/repository/org/springframework/spring-web/5.3.3/spring-web-5.3.3.jar:/Users/priyankagoel/.m2/repository/org/springframework/spring-webmvc/5.3.3/spring-webmvc-5.3.3.jar:/Users/priyankagoel/.m2/repository/org/springframework/boot/spring-boot-starter-web-services/2.4.2/spring-boot-starter-web-services-2.4.2.jar:/Users/priyankagoel/.m2/repository/com/sun/xml/messaging/saaj/saaj-impl/1.5.2/saaj-impl-1.5.2.jar:/Users/priyankagoel/.m2/repository/jakarta/xml/soap/jakarta.xml.soap-api/1.4.2/jakarta.xml.soap-api-1.4.2.jar:/Users/priyankagoel/.m2/repository/org/jvnet/staxex/stax-ex/1.8.3/stax-ex-1.8.3.jar:/Users/priyankagoel/.m2/repository/com/sun/activation/jakarta.activation/1.2.2/jakarta.activation-1.2.2.jar:/Users/priyankagoel/.m2/repository/jakarta/xml/ws/jakarta.xml.ws-api/2.3.3/jakarta.xml.ws-api-2.3.3.jar:/Users/priyankagoel/.m2/repository/org/springframework/spring-oxm/5.3.3/spring-oxm-5.3.3.jar:/Users/priyankagoel/.m2/repository/org/springframework/ws/spring-ws-core/3.0.10.RELEASE/spring-ws-core-3.0.10.RELEASE.jar:/Users/priyankagoel/.m2/repository/org/springframework/ws/spring-xml/3.0.10.RELEASE/spring-xml-3.0.10.RELEASE.jar:/Users/priyankagoel/.m2/repository/org/springframework/boot/spring-boot-starter-aop/2.4.2/spring-boot-starter-aop-2.4.2.jar:/Users/priyankagoel/.m2/repository/org/springframework/spring-aop/5.3.3/spring-aop-5.3.3.jar:/Users/priyankagoel/.m2/repository/org/aspectj/aspectjweaver/1.9.6/aspectjweaver-1.9.6.jar:/Users/priyankagoel/.m2/repository/org/springframework/boot/spring-boot-starter-actuator/2.4.2/spring-boot-starter-actuator-2.4.2.jar:/Users/priyankagoel/.m2/repository/org/springframework/boot/spring-boot-actuator-autoconfigure/2.4.2/spring-boot-actuator-autoconfigure-2.4.2.jar:/Users/priyankagoel/.m2/repository/org/springframework/boot/spring-boot-actuator/2.4.2/spring-boot-actuator-2.4.2.jar:/Users/priyankagoel/.m2/repository/io/micrometer/micrometer-core/1.6.3/micrometer-core-1.6.3.jar:/Users/priyankagoel/.m2/repository/org/hdrhistogram/HdrHistogram/2.1.12/HdrHistogram-2.1.12.jar:/Users/priyankagoel/.m2/repository/org/latencyutils/LatencyUtils/2.0.3/LatencyUtils-2.0.3.jar:/Users/priyankagoel/.m2/repository/org/apache/commons/commons-lang3/3.8.1/commons-lang3-3.8.1.jar:/Users/priyankagoel/.m2/repository/com/sun/activation/javax.activation/1.2.0/javax.activation-1.2.0.jar:/Users/priyankagoel/.m2/repository/org/apache/cxf/cxf-rt-frontend-jaxws/3.3.6/cxf-rt-frontend-jaxws-3.3.6.jar:/Users/priyankagoel/.m2/repository/xml-resolver/xml-resolver/1.2/xml-resolver-1.2.jar:/Users/priyankagoel/.m2/repository/org/ow2/asm/asm/7.1/asm-7.1.jar:/Users/priyankagoel/.m2/repository/org/apache/cxf/cxf-core/3.3.6/cxf-core-3.3.6.jar:/Users/priyankagoel/.m2/repository/org/glassfish/jaxb/jaxb-runtime/2.3.3/jaxb-runtime-2.3.3.jar:/Users/priyankagoel/.m2/repository/org/glassfish/jaxb/txw2/2.3.3/txw2-2.3.3.jar:/Users/priyankagoel/.m2/repository/com/sun/istack/istack-commons-runtime/3.0.11/istack-commons-runtime-3.0.11.jar:/Users/priyankagoel/.m2/repository/com/fasterxml/woodstox/woodstox-core/5.0.3/woodstox-core-5.0.3.jar:/Users/priyankagoel/.m2/repository/org/codehaus/woodstox/stax2-api/3.1.4/stax2-api-3.1.4.jar:/Users/priyankagoel/.m2/repository/org/apache/ws/xmlschema/xmlschema-core/2.2.5/xmlschema-core-2.2.5.jar:/Users/priyankagoel/.m2/repository/org/apache/cxf/cxf-rt-bindings-soap/3.3.6/cxf-rt-bindings-soap-3.3.6.jar:/Users/priyankagoel/.m2/repository/org/apache/cxf/cxf-rt-wsdl/3.3.6/cxf-rt-wsdl-3.3.6.jar:/Users/priyankagoel/.m2/repository/wsdl4j/wsdl4j/1.6.3/wsdl4j-1.6.3.jar:/Users/priyankagoel/.m2/repository/org/apache/cxf/cxf-rt-databinding-jaxb/3.3.6/cxf-rt-databinding-jaxb-3.3.6.jar:/Users/priyankagoel/.m2/repository/org/apache/cxf/cxf-rt-bindings-xml/3.3.6/cxf-rt-bindings-xml-3.3.6.jar:/Users/priyankagoel/.m2/repository/org/apache/cxf/cxf-rt-frontend-simple/3.3.6/cxf-rt-frontend-simple-3.3.6.jar:/Users/priyankagoel/.m2/repository/org/apache/cxf/cxf-rt-ws-addr/3.3.6/cxf-rt-ws-addr-3.3.6.jar:/Users/priyankagoel/.m2/repository/org/apache/cxf/cxf-rt-ws-policy/3.3.6/cxf-rt-ws-policy-3.3.6.jar:/Users/priyankagoel/.m2/repository/javax/annotation/javax.annotation-api/1.3.2/javax.annotation-api-1.3.2.jar:/Users/priyankagoel/.m2/repository/org/apache/geronimo/specs/geronimo-ws-metadata_2.0_spec/1.1.3/geronimo-ws-metadata_2.0_spec-1.1.3.jar:/Users/priyankagoel/.m2/repository/org/jacorb/jacorb-omgapi/3.9/jacorb-omgapi-3.9.jar:/Users/priyankagoel/.m2/repository/org/apache/geronimo/specs/geronimo-jta_1.1_spec/1.1.1/geronimo-jta_1.1_spec-1.1.1.jar:/Users/priyankagoel/.m2/repository/org/jboss/spec/javax/rmi/jboss-rmi-api_1.0_spec/1.0.6.Final/jboss-rmi-api_1.0_spec-1.0.6.Final.jar:/Users/priyankagoel/.m2/repository/org/apache/cxf/cxf-rt-transports-http/3.3.6/cxf-rt-transports-http-3.3.6.jar:/Users/priyankagoel/.m2/repository/org/apache/cxf/cxf-rt-ws-security/3.3.6/cxf-rt-ws-security-3.3.6.jar:/Users/priyankagoel/.m2/repository/org/apache/cxf/cxf-rt-security-saml/3.3.6/cxf-rt-security-saml-3.3.6.jar:/Users/priyankagoel/.m2/repository/org/apache/cxf/cxf-rt-security/3.3.6/cxf-rt-security-3.3.6.jar:/Users/priyankagoel/.m2/repository/net/sf/ehcache/ehcache/2.10.6/ehcache-2.10.6.jar:/Users/priyankagoel/.m2/repository/org/apache/wss4j/wss4j-ws-security-dom/2.2.5/wss4j-ws-security-dom-2.2.5.jar:/Users/priyankagoel/.m2/repository/org/apache/wss4j/wss4j-ws-security-common/2.2.5/wss4j-ws-security-common-2.2.5.jar:/Users/priyankagoel/.m2/repository/org/apache/santuario/xmlsec/2.1.4/xmlsec-2.1.4.jar:/Users/priyankagoel/.m2/repository/org/opensaml/opensaml-saml-impl/3.3.1/opensaml-saml-impl-3.3.1.jar:/Users/priyankagoel/.m2/repository/org/opensaml/opensaml-profile-api/3.3.1/opensaml-profile-api-3.3.1.jar:/Users/priyankagoel/.m2/repository/org/opensaml/opensaml-core/3.3.1/opensaml-core-3.3.1.jar:/Users/priyankagoel/.m2/repository/io/dropwizard/metrics/metrics-core/4.1.17/metrics-core-4.1.17.jar:/Users/priyankagoel/.m2/repository/org/opensaml/opensaml-saml-api/3.3.1/opensaml-saml-api-3.3.1.jar:/Users/priyankagoel/.m2/repository/org/opensaml/opensaml-xmlsec-api/3.3.1/opensaml-xmlsec-api-3.3.1.jar:/Users/priyankagoel/.m2/repository/org/opensaml/opensaml-soap-api/3.3.1/opensaml-soap-api-3.3.1.jar:/Users/priyankagoel/.m2/repository/org/opensaml/opensaml-security-impl/3.3.1/opensaml-security-impl-3.3.1.jar:/Users/priyankagoel/.m2/repository/org/opensaml/opensaml-security-api/3.3.1/opensaml-security-api-3.3.1.jar:/Users/priyankagoel/.m2/repository/org/opensaml/opensaml-xmlsec-impl/3.3.1/opensaml-xmlsec-impl-3.3.1.jar:/Users/priyankagoel/.m2/repository/net/shibboleth/utilities/java-support/7.3.0/java-support-7.3.0.jar:/Users/priyankagoel/.m2/repository/com/google/guava/guava/27.1-jre/guava-27.1-jre.jar:/Users/priyankagoel/.m2/repository/com/google/guava/failureaccess/1.0.1/failureaccess-1.0.1.jar:/Users/priyankagoel/.m2/repository/com/google/guava/listenablefuture/9999.0-empty-to-avoid-conflict-with-guava/listenablefuture-9999.0-empty-to-avoid-conflict-with-guava.jar:/Users/priyankagoel/.m2/repository/org/checkerframework/checker-qual/2.5.2/checker-qual-2.5.2.jar:/Users/priyankagoel/.m2/repository/com/google/errorprone/error_prone_annotations/2.2.0/error_prone_annotations-2.2.0.jar:/Users/priyankagoel/.m2/repository/com/google/j2objc/j2objc-annotations/1.1/j2objc-annotations-1.1.jar:/Users/priyankagoel/.m2/repository/org/codehaus/mojo/animal-sniffer-annotations/1.17/animal-sniffer-annotations-1.17.jar:/Users/priyankagoel/.m2/repository/joda-time/joda-time/2.9/joda-time-2.9.jar:/Users/priyankagoel/.m2/repository/org/cryptacular/cryptacular/1.2.4/cryptacular-1.2.4.jar:/Users/priyankagoel/.m2/repository/org/bouncycastle/bcprov-jdk15on/1.61/bcprov-jdk15on-1.61.jar:/Users/priyankagoel/.m2/repository/org/opensaml/opensaml-xacml-impl/3.3.1/opensaml-xacml-impl-3.3.1.jar:/Users/priyankagoel/.m2/repository/org/opensaml/opensaml-xacml-api/3.3.1/opensaml-xacml-api-3.3.1.jar:/Users/priyankagoel/.m2/repository/org/opensaml/opensaml-xacml-saml-impl/3.3.1/opensaml-xacml-saml-impl-3.3.1.jar:/Users/priyankagoel/.m2/repository/org/opensaml/opensaml-xacml-saml-api/3.3.1/opensaml-xacml-saml-api-3.3.1.jar:/Users/priyankagoel/.m2/repository/org/jasypt/jasypt/1.9.3/jasypt-1.9.3.jar:/Users/priyankagoel/.m2/repository/org/apache/geronimo/javamail/geronimo-javamail_1.4_mail/1.8.4/geronimo-javamail_1.4_mail-1.8.4.jar:/Users/priyankagoel/.m2/repository/org/apache/wss4j/wss4j-policy/2.2.5/wss4j-policy-2.2.5.jar:/Users/priyankagoel/.m2/repository/org/apache/neethi/neethi/3.1.1/neethi-3.1.1.jar:/Users/priyankagoel/.m2/repository/org/codehaus/woodstox/woodstox-core-asl/4.4.1/woodstox-core-asl-4.4.1.jar:/Users/priyankagoel/.m2/repository/javax/xml/stream/stax-api/1.0-2/stax-api-1.0-2.jar:/Users/priyankagoel/.m2/repository/org/apache/wss4j/wss4j-ws-security-stax/2.2.5/wss4j-ws-security-stax-2.2.5.jar:/Users/priyankagoel/.m2/repository/org/apache/wss4j/wss4j-bindings/2.2.5/wss4j-bindings-2.2.5.jar:/Users/priyankagoel/.m2/repository/org/apache/wss4j/wss4j-ws-security-policy-stax/2.2.5/wss4j-ws-security-policy-stax-2.2.5.jar:/Users/priyankagoel/.m2/repository/org/apache/cxf/cxf-spring-boot-starter-jaxws/3.3.6/cxf-spring-boot-starter-jaxws-3.3.6.jar:/Users/priyankagoel/.m2/repository/org/apache/cxf/cxf-spring-boot-autoconfigure/3.3.6/cxf-spring-boot-autoconfigure-3.3.6.jar:/Users/priyankagoel/.m2/repository/javax/validation/validation-api/2.0.1.Final/validation-api-2.0.1.Final.jar:/Users/priyankagoel/.m2/repository/javax/xml/ws/jaxws-api/2.3.1/jaxws-api-2.3.1.jar:/Users/priyankagoel/.m2/repository/javax/xml/bind/jaxb-api/2.3.1/jaxb-api-2.3.1.jar:/Users/priyankagoel/.m2/repository/javax/activation/javax.activation-api/1.2.0/javax.activation-api-1.2.0.jar:/Users/priyankagoel/.m2/repository/javax/xml/soap/javax.xml.soap-api/1.4.0/javax.xml.soap-api-1.4.0.jar:/Users/priyankagoel/.m2/repository/jakarta/jws/jakarta.jws-api/1.1.1/jakarta.jws-api-1.1.1.jar:/Users/priyankagoel/.m2/repository/org/apache/commons/commons-collections4/4.1/commons-collections4-4.1.jar:/Users/priyankagoel/.m2/repository/eu/fincon/biproadapter/provider/norm426-mapping-template/3.4.3.1-SNAPSHOT/norm426-mapping-template-3.4.3.1-SNAPSHOT.jar:/Users/priyankagoel/.m2/repository/org/springframework/spring-context/5.3.3/spring-context-5.3.3.jar:/Users/priyankagoel/.m2/repository/org/springframework/spring-beans/5.3.3/spring-beans-5.3.3.jar:/Users/priyankagoel/.m2/repository/org/springframework/spring-expression/5.3.3/spring-expression-5.3.3.jar:/Users/priyankagoel/.m2/repository/org/json/json/20140107/json-20140107.jar:/Users/priyankagoel/.m2/repository/eu/fincon/biproadapter/provider/norm426-jaxb-270-template/3.4.3.1-SNAPSHOT/norm426-jaxb-270-template-3.4.3.1-SNAPSHOT.jar:/Users/priyankagoel/.m2/repository/org/apache/cxf/xjc-utils/cxf-xjc-runtime/3.3.0/cxf-xjc-runtime-3.3.0.jar:/Users/priyankagoel/.m2/repository/javax/activation/activation/1.1.1/activation-1.1.1.jar:/Users/priyankagoel/.m2/repository/org/jvnet/jaxb2_commons/jaxb2-basics/1.11.1/jaxb2-basics-1.11.1.jar:/Users/priyankagoel/.m2/repository/org/jvnet/jaxb2_commons/jaxb2-basics-runtime/1.11.1/jaxb2-basics-runtime-1.11.1.jar:/Users/priyankagoel/.m2/repository/org/jvnet/jaxb2_commons/jaxb2-basics-tools/1.11.1/jaxb2-basics-tools-1.11.1.jar:/Users/priyankagoel/.m2/repository/commons-beanutils/commons-beanutils/1.9.4/commons-beanutils-1.9.4.jar:/Users/priyankagoel/.m2/repository/commons-collections/commons-collections/3.2.2/commons-collections-3.2.2.jar:/Users/priyankagoel/.m2/repository/org/slf4j/jcl-over-slf4j/1.7.30/jcl-over-slf4j-1.7.30.jar:/Users/priyankagoel/.m2/repository/com/google/code/javaparser/javaparser/1.0.11/javaparser-1.0.11.jar:/Users/priyankagoel/.m2/repository/junit/junit/4.13.1/junit-4.13.1.jar:/Users/priyankagoel/.m2/repository/org/hamcrest/hamcrest-core/2.2/hamcrest-core-2.2.jar:/Users/priyankagoel/.m2/repository/org/springframework/boot/spring-boot-starter-test/2.4.2/spring-boot-starter-test-2.4.2.jar:/Users/priyankagoel/.m2/repository/org/springframework/boot/spring-boot-starter/2.4.2/spring-boot-starter-2.4.2.jar:/Users/priyankagoel/.m2/repository/org/springframework/boot/spring-boot/2.4.2/spring-boot-2.4.2.jar:/Users/priyankagoel/.m2/repository/org/springframework/boot/spring-boot-autoconfigure/2.4.2/spring-boot-autoconfigure-2.4.2.jar:/Users/priyankagoel/.m2/repository/org/springframework/boot/spring-boot-starter-logging/2.4.2/spring-boot-starter-logging-2.4.2.jar:/Users/priyankagoel/.m2/repository/ch/qos/logback/logback-classic/1.2.3/logback-classic-1.2.3.jar:/Users/priyankagoel/.m2/repository/ch/qos/logback/logback-core/1.2.3/logback-core-1.2.3.jar:/Users/priyankagoel/.m2/repository/org/apache/logging/log4j/log4j-to-slf4j/2.13.3/log4j-to-slf4j-2.13.3.jar:/Users/priyankagoel/.m2/repository/org/apache/logging/log4j/log4j-api/2.13.3/log4j-api-2.13.3.jar:/Users/priyankagoel/.m2/repository/org/slf4j/jul-to-slf4j/1.7.30/jul-to-slf4j-1.7.30.jar:/Users/priyankagoel/.m2/repository/jakarta/annotation/jakarta.annotation-api/1.3.5/jakarta.annotation-api-1.3.5.jar:/Users/priyankagoel/.m2/repository/org/yaml/snakeyaml/1.26/snakeyaml-1.26.jar:/Users/priyankagoel/.m2/repository/org/springframework/boot/spring-boot-test/2.4.2/spring-boot-test-2.4.2.jar:/Users/priyankagoel/.m2/repository/org/springframework/boot/spring-boot-test-autoconfigure/2.4.2/spring-boot-test-autoconfigure-2.4.2.jar:/Users/priyankagoel/.m2/repository/com/jayway/jsonpath/json-path/2.4.0/json-path-2.4.0.jar:/Users/priyankagoel/.m2/repository/net/minidev/json-smart/2.3/json-smart-2.3.jar:/Users/priyankagoel/.m2/repository/net/minidev/accessors-smart/1.2/accessors-smart-1.2.jar:/Users/priyankagoel/.m2/repository/org/slf4j/slf4j-api/1.7.26/slf4j-api-1.7.26.jar:/Users/priyankagoel/.m2/repository/jakarta/xml/bind/jakarta.xml.bind-api/2.3.3/jakarta.xml.bind-api-2.3.3.jar:/Users/priyankagoel/.m2/repository/jakarta/activation/jakarta.activation-api/1.2.2/jakarta.activation-api-1.2.2.jar:/Users/priyankagoel/.m2/repository/org/assertj/assertj-core/3.18.1/assertj-core-3.18.1.jar:/Users/priyankagoel/.m2/repository/org/hamcrest/hamcrest/2.2/hamcrest-2.2.jar:/Users/priyankagoel/.m2/repository/org/junit/jupiter/junit-jupiter/5.7.0/junit-jupiter-5.7.0.jar:/Users/priyankagoel/.m2/repository/org/mockito/mockito-core/3.6.28/mockito-core-3.6.28.jar:/Users/priyankagoel/.m2/repository/net/bytebuddy/byte-buddy/1.10.19/byte-buddy-1.10.19.jar:/Users/priyankagoel/.m2/repository/net/bytebuddy/byte-buddy-agent/1.10.19/byte-buddy-agent-1.10.19.jar:/Users/priyankagoel/.m2/repository/org/objenesis/objenesis/3.1/objenesis-3.1.jar:/Users/priyankagoel/.m2/repository/org/mockito/mockito-junit-jupiter/3.6.28/mockito-junit-jupiter-3.6.28.jar:/Users/priyankagoel/.m2/repository/org/skyscreamer/jsonassert/1.5.0/jsonassert-1.5.0.jar:/Users/priyankagoel/.m2/repository/com/vaadin/external/google/android-json/0.0.20131108.vaadin1/android-json-0.0.20131108.vaadin1.jar:/Users/priyankagoel/.m2/repository/org/springframework/spring-core/5.3.3/spring-core-5.3.3.jar:/Users/priyankagoel/.m2/repository/org/springframework/spring-jcl/5.3.3/spring-jcl-5.3.3.jar:/Users/priyankagoel/.m2/repository/org/springframework/spring-test/5.3.3/spring-test-5.3.3.jar:/Users/priyankagoel/.m2/repository/org/xmlunit/xmlunit-core/2.7.0/xmlunit-core-2.7.0.jar:/Users/priyankagoel/.m2/repository/org/junit/jupiter/junit-jupiter-engine/5.7.0/junit-jupiter-engine-5.7.0.jar:/Users/priyankagoel/.m2/repository/org/apiguardian/apiguardian-api/1.1.0/apiguardian-api-1.1.0.jar:/Users/priyankagoel/.m2/repository/org/junit/platform/junit-platform-engine/1.7.0/junit-platform-engine-1.7.0.jar:/Users/priyankagoel/.m2/repository/org/junit/jupiter/junit-jupiter-api/5.7.0/junit-jupiter-api-5.7.0.jar:/Users/priyankagoel/.m2/repository/org/opentest4j/opentest4j/1.2.0/opentest4j-1.2.0.jar:/Users/priyankagoel/.m2/repository/org/junit/platform/junit-platform-commons/1.7.0/junit-platform-commons-1.7.0.jar:/Users/priyankagoel/.m2/repository/org/junit/jupiter/junit-jupiter-params/5.7.0/junit-jupiter-params-5.7.0.jar:/Users/priyankagoel/.m2/repository/org/apache/httpcomponents/httpcore/4.4.11/httpcore-4.4.11.jar:/Users/priyankagoel/.m2/repository/org/apache/httpcomponents/fluent-hc/4.5.9/fluent-hc-4.5.9.jar:/Users/priyankagoel/.m2/repository/org/apache/httpcomponents/httpclient/4.5.13/httpclient-4.5.13.jar:/Users/priyankagoel/.m2/repository/commons-codec/commons-codec/1.15/commons-codec-1.15.jar:/Users/priyankagoel/.m2/repository/commons-logging/commons-logging/1.2/commons-logging-1.2.jar:"/>
    <property name="sun.cpu.endian" value="little"/>
    <property name="user.home" value="/Users/priyankagoel"/>
    <property name="user.language" value="en"/>
    <property name="java.specification.vendor" value="Oracle Corporation"/>
    <property name="java.version.date" value="2020-10-20"/>
    <property name="java.home" value="/Volumes/Eclipse/Eclipse.app/Contents/Eclipse/plugins/org.eclipse.justj.openjdk.hotspot.jre.full.macosx.x86_64_15.0.1.v20201027-0507/jre"/>
    <property name="file.separator" value="/"/>
    <property name="basedir" value="/Users/priyankagoel/Documents/PriyankaGoel/GitRepoWorkspace/GitRepoBiproAdapter"/>
    <property name="java.vm.compressedOopsMode" value="Zero based"/>
    <property name="line.separator" value="&#10;"/>
    <property name="java.specification.name" value="Java Platform API Specification"/>
    <property name="java.vm.specification.vendor" value="Oracle Corporation"/>
    <property name="surefire.real.class.path" value="/Users/priyankagoel/Documents/PriyankaGoel/GitRepoWorkspace/GitRepoBiproAdapter/target/surefire/surefirebooter2781579738713951528.jar"/>
    <property name="sun.management.compiler" value="HotSpot 64-Bit Tiered Compilers"/>
    <property name="ftp.nonProxyHosts" value="local|*.local|169.254/16|*.169.254/16"/>
    <property name="java.runtime.version" value="15.0.1+9-18"/>
    <property name="user.name" value="priyankagoel"/>
    <property name="path.separator" value=":"/>
    <property name="os.version" value="10.15.7"/>
    <property name="java.runtime.name" value="OpenJDK Runtime Environment"/>
    <property name="file.encoding" value="UTF-8"/>
    <property name="java.vm.name" value="OpenJDK 64-Bit Server VM"/>
    <property name="localRepository" value="/Users/priyankagoel/.m2/repository"/>
    <property name="java.vendor.url.bug" value="https://bugreport.java.com/bugreport/"/>
    <property name="java.io.tmpdir" value="/var/folders/1f/1mxqlggj3yg4mkh_btsl9llr0000gn/T/"/>
    <property name="java.version" value="15.0.1"/>
    <property name="user.dir" value="/Users/priyankagoel/Documents/PriyankaGoel/GitRepoWorkspace/GitRepoBiproAdapter"/>
    <property name="os.arch" value="x86_64"/>
    <property name="java.vm.specification.name" value="Java Virtual Machine Specification"/>
    <property name="java.library.path" value="/Users/priyankagoel/Library/Java/Extensions:/Library/Java/Extensions:/Network/Library/Java/Extensions:/System/Library/Java/Extensions:/usr/lib/java:."/>
    <property name="java.vm.info" value="mixed mode"/>
    <property name="java.vendor" value="Oracle Corporation"/>
    <property name="java.vm.version" value="15.0.1+9-18"/>
    <property name="sun.io.unicode.encoding" value="UnicodeBig"/>
    <property name="socksNonProxyHosts" value="local|*.local|169.254/16|*.169.254/16"/>
    <property name="java.class.version" value="59.0"/>
  </properties>
  <testcase name="contextLoads" classname="eu.fincon.biproadapter.provider.norm426.customertemplate.application.TemplateApplicationTest" time="0.004"/>
</testsuite>